Buildfile: build.xml

catalog:

compile_core:
   [depend] Deleted 17 out of date files in 0 seconds
    [javac] Compiling 13 source files to /home/mike/voltdb/fork/voltdb/obj/debug/prod

compile_pro:

compile:

licensecheck:
     [exec] SUCCESS. Found 0 license text errors, 0 files containing tabs or trailing whitespace.

jnicompile_temp:
   [delete] Deleting: /home/mike/voltdb/fork/voltdb/obj/debug/org_voltdb_jni_ExecutionEngine.h
   [delete] Deleting: /home/mike/voltdb/fork/voltdb/obj/debug/org_voltdb_utils_DBBPool.h
    [javah] [Search path = /usr/lib/jvm/java-6-sun-1.6.0.26/jre/lib/resources.jar:/usr/lib/jvm/java-6-sun-1.6.0.26/jre/lib/rt.jar:/usr/lib/jvm/java-6-sun-1.6.0.26/jre/lib/sunrsasign.jar:/usr/lib/jvm/java-6-sun-1.6.0.26/jre/lib/jsse.jar:/usr/lib/jvm/java-6-sun-1.6.0.26/jre/lib/jce.jar:/usr/lib/jvm/java-6-sun-1.6.0.26/jre/lib/charsets.jar:/usr/lib/jvm/java-6-sun-1.6.0.26/jre/lib/modules/jdk.boot.jar:/usr/lib/jvm/java-6-sun-1.6.0.26/jre/classes:/home/mike/voltdb/fork/voltdb/obj/debug/prod:/home/mike/voltdb/fork/voltdb/obj/debug/test:/home/mike/voltdb/fork/voltdb/lib/commons-lang3-3.0.jar:/home/mike/voltdb/fork/voltdb/lib/jetty-continuation-7.6.1.v20120215.jar:/home/mike/voltdb/fork/voltdb/lib/jetty-http-7.6.1.v20120215.jar:/home/mike/voltdb/fork/voltdb/lib/jetty-io-7.6.1.v20120215.jar:/home/mike/voltdb/fork/voltdb/lib/jetty-server-7.6.1.v20120215.jar:/home/mike/voltdb/fork/voltdb/lib/jetty-util-7.6.1.v20120215.jar:/home/mike/voltdb/fork/voltdb/lib/jline-1.0.jar:/home/mike/voltdb/fork/voltdb/lib/jna.jar:/home/mike/voltdb/fork/voltdb/lib/log4j-1.2.16.jar:/home/mike/voltdb/fork/voltdb/lib/protobuf-java-2.4.1.jar:/home/mike/voltdb/fork/voltdb/lib/servlet-api-2.5.jar:/home/mike/voltdb/fork/voltdb/lib/slf4j-api-1.6.2.jar:/home/mike/voltdb/fork/voltdb/lib/slf4j-nop-1.6.2.jar:/home/mike/voltdb/fork/voltdb/lib/snappy-java-1.0.4.1.jar:/home/mike/voltdb/fork/voltdb/lib/zmq-2.1.11.jar:/home/mike/voltdb/fork/voltdb/third_party/java/jars/ant-junit.jar:/home/mike/voltdb/fork/voltdb/third_party/java/jars/ant-testability-explorer.jar:/home/mike/voltdb/fork/voltdb/third_party/java/jars/ant_doxygen.jar:/home/mike/voltdb/fork/voltdb/third_party/java/jars/emma.jar:/home/mike/voltdb/fork/voltdb/third_party/java/jars/emma_ant.jar:/home/mike/voltdb/fork/voltdb/third_party/java/jars/japex.jar:/home/mike/voltdb/fork/voltdb/third_party/java/jars/jcommon-1.0.16.jar:/home/mike/voltdb/fork/voltdb/third_party/java/jars/jfreechart-1.0.13.jar:/home/mike/voltdb/fork/voltdb/third_party/java/jars/junit-4.8.2.jar:/home/mike/voltdb/fork/voltdb/third_party/java/jars/mockito-all-1.9.0.jar:/home/mike/voltdb/fork/voltdb/third_party/java/jars/pmd-4.2.5.jar:/home/mike/voltdb/fork/voltdb/third_party/java/jars/testability-explorer.jar:/usr/share/ant/lib/ant-launcher.jar:/usr/share/java/xmlParserAPIs.jar:/usr/share/java/xercesImpl.jar:/usr/share/ant/lib/ant-apache-bcel.jar:/usr/share/ant/lib/ant-apache-resolver.jar:/usr/share/ant/lib/ant-javamail.jar:/usr/share/ant/lib/ant-jsch.jar:/usr/share/ant/lib/ant-jmf.jar:/usr/share/ant/lib/ant-commons-net.jar:/usr/share/ant/lib/ant-apache-oro.jar:/usr/share/ant/lib/ant-apache-bsf.jar:/usr/share/ant/lib/ant-jdepend.jar:/usr/share/ant/lib/ant-trax.jar:/usr/share/ant/lib/ant-apache-log4j.jar:/usr/share/ant/lib/ant-swing.jar:/usr/share/ant/lib/junit.jar:/usr/share/ant/lib/ant-commons-logging.jar:/usr/share/ant/lib/ant-junit.jar:/usr/share/ant/lib/ant.jar:/usr/share/ant/lib/ant-antlr.jar:/usr/share/ant/lib/ant-nodeps.jar:/usr/share/ant/lib/ant-apache-regexp.jar:/usr/lib/jvm/java-6-sun-1.6.0.26/lib/tools.jar]
    [javah] [Loaded /home/mike/voltdb/fork/voltdb/obj/debug/prod/org/voltdb/jni/ExecutionEngine.class]
    [javah] [Loaded /usr/lib/jvm/java-6-sun-1.6.0.26/jre/lib/rt.jar(java/lang/Object.class)]
    [javah] [Loaded /usr/lib/jvm/java-6-sun-1.6.0.26/jre/lib/rt.jar(java/nio/ByteBuffer.class)]
    [javah] [Loaded /usr/lib/jvm/java-6-sun-1.6.0.26/jre/lib/rt.jar(java/nio/Buffer.class)]
    [javah] [Forcefully writing file /home/mike/voltdb/fork/voltdb/obj/debug/org_voltdb_jni_ExecutionEngine.h]
    [javah] [Search path = /usr/lib/jvm/java-6-sun-1.6.0.26/jre/lib/resources.jar:/usr/lib/jvm/java-6-sun-1.6.0.26/jre/lib/rt.jar:/usr/lib/jvm/java-6-sun-1.6.0.26/jre/lib/sunrsasign.jar:/usr/lib/jvm/java-6-sun-1.6.0.26/jre/lib/jsse.jar:/usr/lib/jvm/java-6-sun-1.6.0.26/jre/lib/jce.jar:/usr/lib/jvm/java-6-sun-1.6.0.26/jre/lib/charsets.jar:/usr/lib/jvm/java-6-sun-1.6.0.26/jre/lib/modules/jdk.boot.jar:/usr/lib/jvm/java-6-sun-1.6.0.26/jre/classes:/home/mike/voltdb/fork/voltdb/obj/debug/prod:/home/mike/voltdb/fork/voltdb/obj/debug/test:/home/mike/voltdb/fork/voltdb/lib/commons-lang3-3.0.jar:/home/mike/voltdb/fork/voltdb/lib/jetty-continuation-7.6.1.v20120215.jar:/home/mike/voltdb/fork/voltdb/lib/jetty-http-7.6.1.v20120215.jar:/home/mike/voltdb/fork/voltdb/lib/jetty-io-7.6.1.v20120215.jar:/home/mike/voltdb/fork/voltdb/lib/jetty-server-7.6.1.v20120215.jar:/home/mike/voltdb/fork/voltdb/lib/jetty-util-7.6.1.v20120215.jar:/home/mike/voltdb/fork/voltdb/lib/jline-1.0.jar:/home/mike/voltdb/fork/voltdb/lib/jna.jar:/home/mike/voltdb/fork/voltdb/lib/log4j-1.2.16.jar:/home/mike/voltdb/fork/voltdb/lib/protobuf-java-2.4.1.jar:/home/mike/voltdb/fork/voltdb/lib/servlet-api-2.5.jar:/home/mike/voltdb/fork/voltdb/lib/slf4j-api-1.6.2.jar:/home/mike/voltdb/fork/voltdb/lib/slf4j-nop-1.6.2.jar:/home/mike/voltdb/fork/voltdb/lib/snappy-java-1.0.4.1.jar:/home/mike/voltdb/fork/voltdb/lib/zmq-2.1.11.jar:/home/mike/voltdb/fork/voltdb/third_party/java/jars/ant-junit.jar:/home/mike/voltdb/fork/voltdb/third_party/java/jars/ant-testability-explorer.jar:/home/mike/voltdb/fork/voltdb/third_party/java/jars/ant_doxygen.jar:/home/mike/voltdb/fork/voltdb/third_party/java/jars/emma.jar:/home/mike/voltdb/fork/voltdb/third_party/java/jars/emma_ant.jar:/home/mike/voltdb/fork/voltdb/third_party/java/jars/japex.jar:/home/mike/voltdb/fork/voltdb/third_party/java/jars/jcommon-1.0.16.jar:/home/mike/voltdb/fork/voltdb/third_party/java/jars/jfreechart-1.0.13.jar:/home/mike/voltdb/fork/voltdb/third_party/java/jars/junit-4.8.2.jar:/home/mike/voltdb/fork/voltdb/third_party/java/jars/mockito-all-1.9.0.jar:/home/mike/voltdb/fork/voltdb/third_party/java/jars/pmd-4.2.5.jar:/home/mike/voltdb/fork/voltdb/third_party/java/jars/testability-explorer.jar:/usr/share/ant/lib/ant-launcher.jar:/usr/share/java/xmlParserAPIs.jar:/usr/share/java/xercesImpl.jar:/usr/share/ant/lib/ant-apache-bcel.jar:/usr/share/ant/lib/ant-apache-resolver.jar:/usr/share/ant/lib/ant-javamail.jar:/usr/share/ant/lib/ant-jsch.jar:/usr/share/ant/lib/ant-jmf.jar:/usr/share/ant/lib/ant-commons-net.jar:/usr/share/ant/lib/ant-apache-oro.jar:/usr/share/ant/lib/ant-apache-bsf.jar:/usr/share/ant/lib/ant-jdepend.jar:/usr/share/ant/lib/ant-trax.jar:/usr/share/ant/lib/ant-apache-log4j.jar:/usr/share/ant/lib/ant-swing.jar:/usr/share/ant/lib/junit.jar:/usr/share/ant/lib/ant-commons-logging.jar:/usr/share/ant/lib/ant-junit.jar:/usr/share/ant/lib/ant.jar:/usr/share/ant/lib/ant-antlr.jar:/usr/share/ant/lib/ant-nodeps.jar:/usr/share/ant/lib/ant-apache-regexp.jar:/usr/lib/jvm/java-6-sun-1.6.0.26/lib/tools.jar]
    [javah] [Loaded /home/mike/voltdb/fork/voltdb/obj/debug/prod/org/voltdb/utils/DBBPool.class]
    [javah] [Loaded /usr/lib/jvm/java-6-sun-1.6.0.26/jre/lib/rt.jar(java/lang/Object.class)]
    [javah] [Loaded /usr/lib/jvm/java-6-sun-1.6.0.26/jre/lib/rt.jar(java/nio/ByteBuffer.class)]
    [javah] [Loaded /usr/lib/jvm/java-6-sun-1.6.0.26/jre/lib/rt.jar(java/nio/Buffer.class)]
    [javah] [Forcefully writing file /home/mike/voltdb/fork/voltdb/obj/debug/org_voltdb_utils_DBBPool.h]

uptodate_jni_h.check:

jnicompile:

buildinfo:
     [exec] Version:  2.5 voltdb-2.5-41-g066f07d-dirty-local

ee:
     [exec] make: Entering directory `/home/mike/voltdb/fork/voltdb/obj/debug'
     [exec] make: Nothing to be done for `main'.
     [exec] make: Leaving directory `/home/mike/voltdb/fork/voltdb/obj/debug'

voltdbipc:
     [exec] make: Entering directory `/home/mike/voltdb/fork/voltdb/obj/debug'
     [exec] make: Nothing to be done for `main'.
     [exec] make: Leaving directory `/home/mike/voltdb/fork/voltdb/obj/debug'
     [exec] make: Entering directory `/home/mike/voltdb/fork/voltdb/obj/debug'
     [exec] make: `prod/voltdbipc' is up to date.
     [exec] make: Leaving directory `/home/mike/voltdb/fork/voltdb/obj/debug'

check:
     [exec] Buildfile: build.xml
     [exec] 
     [exec] catalog:
     [exec] 
     [exec] compile_core:
     [exec]    [depend] Deleted 17 out of date files in 0 seconds
     [exec]     [javac] Compiling 13 source files to /home/mike/voltdb/fork/voltdb/obj/debug/prod
     [exec] 
     [exec] compile_pro:
     [exec] 
     [exec] compile:
     [exec] 
     [exec] jnicompile_temp:
     [exec]    [delete] Deleting: /home/mike/voltdb/fork/voltdb/obj/debug/org_voltdb_jni_ExecutionEngine.h
     [exec]    [delete] Deleting: /home/mike/voltdb/fork/voltdb/obj/debug/org_voltdb_utils_DBBPool.h
     [exec]     [javah] [Search path = /usr/lib/jvm/java-6-sun-1.6.0.26/jre/lib/resources.jar:/usr/lib/jvm/java-6-sun-1.6.0.26/jre/lib/rt.jar:/usr/lib/jvm/java-6-sun-1.6.0.26/jre/lib/sunrsasign.jar:/usr/lib/jvm/java-6-sun-1.6.0.26/jre/lib/jsse.jar:/usr/lib/jvm/java-6-sun-1.6.0.26/jre/lib/jce.jar:/usr/lib/jvm/java-6-sun-1.6.0.26/jre/lib/charsets.jar:/usr/lib/jvm/java-6-sun-1.6.0.26/jre/lib/modules/jdk.boot.jar:/usr/lib/jvm/java-6-sun-1.6.0.26/jre/classes:/home/mike/voltdb/fork/voltdb/obj/debug/prod:/home/mike/voltdb/fork/voltdb/obj/debug/test:/home/mike/voltdb/fork/voltdb/lib/commons-lang3-3.0.jar:/home/mike/voltdb/fork/voltdb/lib/jetty-continuation-7.6.1.v20120215.jar:/home/mike/voltdb/fork/voltdb/lib/jetty-http-7.6.1.v20120215.jar:/home/mike/voltdb/fork/voltdb/lib/jetty-io-7.6.1.v20120215.jar:/home/mike/voltdb/fork/voltdb/lib/jetty-server-7.6.1.v20120215.jar:/home/mike/voltdb/fork/voltdb/lib/jetty-util-7.6.1.v20120215.jar:/home/mike/voltdb/fork/voltdb/lib/jline-1.0.jar:/home/mike/voltdb/fork/voltdb/lib/jna.jar:/home/mike/voltdb/fork/voltdb/lib/log4j-1.2.16.jar:/home/mike/voltdb/fork/voltdb/lib/protobuf-java-2.4.1.jar:/home/mike/voltdb/fork/voltdb/lib/servlet-api-2.5.jar:/home/mike/voltdb/fork/voltdb/lib/slf4j-api-1.6.2.jar:/home/mike/voltdb/fork/voltdb/lib/slf4j-nop-1.6.2.jar:/home/mike/voltdb/fork/voltdb/lib/snappy-java-1.0.4.1.jar:/home/mike/voltdb/fork/voltdb/lib/zmq-2.1.11.jar:/home/mike/voltdb/fork/voltdb/third_party/java/jars/ant-junit.jar:/home/mike/voltdb/fork/voltdb/third_party/java/jars/ant-testability-explorer.jar:/home/mike/voltdb/fork/voltdb/third_party/java/jars/ant_doxygen.jar:/home/mike/voltdb/fork/voltdb/third_party/java/jars/emma.jar:/home/mike/voltdb/fork/voltdb/third_party/java/jars/emma_ant.jar:/home/mike/voltdb/fork/voltdb/third_party/java/jars/japex.jar:/home/mike/voltdb/fork/voltdb/third_party/java/jars/jcommon-1.0.16.jar:/home/mike/voltdb/fork/voltdb/third_party/java/jars/jfreechart-1.0.13.jar:/home/mike/voltdb/fork/voltdb/third_party/java/jars/junit-4.8.2.jar:/home/mike/voltdb/fork/voltdb/third_party/java/jars/mockito-all-1.9.0.jar:/home/mike/voltdb/fork/voltdb/third_party/java/jars/pmd-4.2.5.jar:/home/mike/voltdb/fork/voltdb/third_party/java/jars/testability-explorer.jar:/usr/share/ant/lib/ant-launcher.jar:/usr/share/java/xmlParserAPIs.jar:/usr/share/java/xercesImpl.jar:/usr/share/ant/lib/ant-apache-bcel.jar:/usr/share/ant/lib/ant-apache-resolver.jar:/usr/share/ant/lib/ant-javamail.jar:/usr/share/ant/lib/ant-jsch.jar:/usr/share/ant/lib/ant-jmf.jar:/usr/share/ant/lib/ant-commons-net.jar:/usr/share/ant/lib/ant-apache-oro.jar:/usr/share/ant/lib/ant-apache-bsf.jar:/usr/share/ant/lib/ant-jdepend.jar:/usr/share/ant/lib/ant-trax.jar:/usr/share/ant/lib/ant-apache-log4j.jar:/usr/share/ant/lib/ant-swing.jar:/usr/share/ant/lib/junit.jar:/usr/share/ant/lib/ant-commons-logging.jar:/usr/share/ant/lib/ant-junit.jar:/usr/share/ant/lib/ant.jar:/usr/share/ant/lib/ant-antlr.jar:/usr/share/ant/lib/ant-nodeps.jar:/usr/share/ant/lib/ant-apache-regexp.jar:/usr/lib/jvm/java-6-sun-1.6.0.26/lib/tools.jar]
     [exec]     [javah] [Loaded /home/mike/voltdb/fork/voltdb/obj/debug/prod/org/voltdb/jni/ExecutionEngine.class]
     [exec]     [javah] [Loaded /usr/lib/jvm/java-6-sun-1.6.0.26/jre/lib/rt.jar(java/lang/Object.class)]
     [exec]     [javah] [Loaded /usr/lib/jvm/java-6-sun-1.6.0.26/jre/lib/rt.jar(java/nio/ByteBuffer.class)]
     [exec]     [javah] [Loaded /usr/lib/jvm/java-6-sun-1.6.0.26/jre/lib/rt.jar(java/nio/Buffer.class)]
     [exec]     [javah] [Forcefully writing file /home/mike/voltdb/fork/voltdb/obj/debug/org_voltdb_jni_ExecutionEngine.h]
     [exec]     [javah] [Search path = /usr/lib/jvm/java-6-sun-1.6.0.26/jre/lib/resources.jar:/usr/lib/jvm/java-6-sun-1.6.0.26/jre/lib/rt.jar:/usr/lib/jvm/java-6-sun-1.6.0.26/jre/lib/sunrsasign.jar:/usr/lib/jvm/java-6-sun-1.6.0.26/jre/lib/jsse.jar:/usr/lib/jvm/java-6-sun-1.6.0.26/jre/lib/jce.jar:/usr/lib/jvm/java-6-sun-1.6.0.26/jre/lib/charsets.jar:/usr/lib/jvm/java-6-sun-1.6.0.26/jre/lib/modules/jdk.boot.jar:/usr/lib/jvm/java-6-sun-1.6.0.26/jre/classes:/home/mike/voltdb/fork/voltdb/obj/debug/prod:/home/mike/voltdb/fork/voltdb/obj/debug/test:/home/mike/voltdb/fork/voltdb/lib/commons-lang3-3.0.jar:/home/mike/voltdb/fork/voltdb/lib/jetty-continuation-7.6.1.v20120215.jar:/home/mike/voltdb/fork/voltdb/lib/jetty-http-7.6.1.v20120215.jar:/home/mike/voltdb/fork/voltdb/lib/jetty-io-7.6.1.v20120215.jar:/home/mike/voltdb/fork/voltdb/lib/jetty-server-7.6.1.v20120215.jar:/home/mike/voltdb/fork/voltdb/lib/jetty-util-7.6.1.v20120215.jar:/home/mike/voltdb/fork/voltdb/lib/jline-1.0.jar:/home/mike/voltdb/fork/voltdb/lib/jna.jar:/home/mike/voltdb/fork/voltdb/lib/log4j-1.2.16.jar:/home/mike/voltdb/fork/voltdb/lib/protobuf-java-2.4.1.jar:/home/mike/voltdb/fork/voltdb/lib/servlet-api-2.5.jar:/home/mike/voltdb/fork/voltdb/lib/slf4j-api-1.6.2.jar:/home/mike/voltdb/fork/voltdb/lib/slf4j-nop-1.6.2.jar:/home/mike/voltdb/fork/voltdb/lib/snappy-java-1.0.4.1.jar:/home/mike/voltdb/fork/voltdb/lib/zmq-2.1.11.jar:/home/mike/voltdb/fork/voltdb/third_party/java/jars/ant-junit.jar:/home/mike/voltdb/fork/voltdb/third_party/java/jars/ant-testability-explorer.jar:/home/mike/voltdb/fork/voltdb/third_party/java/jars/ant_doxygen.jar:/home/mike/voltdb/fork/voltdb/third_party/java/jars/emma.jar:/home/mike/voltdb/fork/voltdb/third_party/java/jars/emma_ant.jar:/home/mike/voltdb/fork/voltdb/third_party/java/jars/japex.jar:/home/mike/voltdb/fork/voltdb/third_party/java/jars/jcommon-1.0.16.jar:/home/mike/voltdb/fork/voltdb/third_party/java/jars/jfreechart-1.0.13.jar:/home/mike/voltdb/fork/voltdb/third_party/java/jars/junit-4.8.2.jar:/home/mike/voltdb/fork/voltdb/third_party/java/jars/mockito-all-1.9.0.jar:/home/mike/voltdb/fork/voltdb/third_party/java/jars/pmd-4.2.5.jar:/home/mike/voltdb/fork/voltdb/third_party/java/jars/testability-explorer.jar:/usr/share/ant/lib/ant-launcher.jar:/usr/share/java/xmlParserAPIs.jar:/usr/share/java/xercesImpl.jar:/usr/share/ant/lib/ant-apache-bcel.jar:/usr/share/ant/lib/ant-apache-resolver.jar:/usr/share/ant/lib/ant-javamail.jar:/usr/share/ant/lib/ant-jsch.jar:/usr/share/ant/lib/ant-jmf.jar:/usr/share/ant/lib/ant-commons-net.jar:/usr/share/ant/lib/ant-apache-oro.jar:/usr/share/ant/lib/ant-apache-bsf.jar:/usr/share/ant/lib/ant-jdepend.jar:/usr/share/ant/lib/ant-trax.jar:/usr/share/ant/lib/ant-apache-log4j.jar:/usr/share/ant/lib/ant-swing.jar:/usr/share/ant/lib/junit.jar:/usr/share/ant/lib/ant-commons-logging.jar:/usr/share/ant/lib/ant-junit.jar:/usr/share/ant/lib/ant.jar:/usr/share/ant/lib/ant-antlr.jar:/usr/share/ant/lib/ant-nodeps.jar:/usr/share/ant/lib/ant-apache-regexp.jar:/usr/lib/jvm/java-6-sun-1.6.0.26/lib/tools.jar]
     [exec]     [javah] [Loaded /home/mike/voltdb/fork/voltdb/obj/debug/prod/org/voltdb/utils/DBBPool.class]
     [exec]     [javah] [Loaded /usr/lib/jvm/java-6-sun-1.6.0.26/jre/lib/rt.jar(java/lang/Object.class)]
     [exec]     [javah] [Loaded /usr/lib/jvm/java-6-sun-1.6.0.26/jre/lib/rt.jar(java/nio/ByteBuffer.class)]
     [exec]     [javah] [Loaded /usr/lib/jvm/java-6-sun-1.6.0.26/jre/lib/rt.jar(java/nio/Buffer.class)]
     [exec]     [javah] [Forcefully writing file /home/mike/voltdb/fork/voltdb/obj/debug/org_voltdb_utils_DBBPool.h]
     [exec] 
     [exec] uptodate_jni_h.check:
     [exec] 
     [exec] jnicompile:
     [exec] 
     [exec] buildinfo:
     [exec]      [exec] Version:  2.5 voltdb-2.5-41-g066f07d-dirty-local
     [exec] 
     [exec] ee:
     [exec]      [exec] make: Entering directory `/home/mike/voltdb/fork/voltdb/obj/debug'
     [exec]      [exec] make: Nothing to be done for `main'.
     [exec]      [exec] make: Leaving directory `/home/mike/voltdb/fork/voltdb/obj/debug'
     [exec] 
     [exec] eecheck:
     [exec]      [exec] make: Entering directory `/home/mike/voltdb/fork/voltdb/obj/debug'
     [exec]      [exec] make: Nothing to be done for `main'.
     [exec]      [exec] make: Leaving directory `/home/mike/voltdb/fork/voltdb/obj/debug'
     [exec]      [exec] make: Entering directory `/home/mike/voltdb/fork/voltdb/obj/debug'
     [exec]      [exec] make: Nothing to be done for `test'.
     [exec]      [exec] make: Leaving directory `/home/mike/voltdb/fork/voltdb/obj/debug'
     [exec]      [exec] LoggingTest:
     [exec]      [exec] 	TestManagerSetLevels: PASSED.
     [exec]      [exec] 	TestLoggerUsesProxyLevels: PASSED.
     [exec]      [exec] PASSED
     [exec]      [exec] IndexKeyTest:
     [exec]      [exec] 	Int64KeyTest: PASSED.
     [exec]      [exec] 	TwoInt64KeyTest: PASSED.
     [exec]      [exec] 	TwoInt64RegressionKeyTest: PASSED.
     [exec]      [exec] 	Int32AndTwoInt8KeyTest: PASSED.
     [exec]      [exec] 	Int32AndTwoInt8KeyTest2: PASSED.
     [exec]      [exec] 	Int32AndTwoInt8RegressionTest: PASSED.
     [exec]      [exec] 	SingleVarChar30: PASSED.
     [exec]      [exec] 	Int64Packing2Int32sWithSecondNull: PASSED.
     [exec]      [exec] PASSED
     [exec]      [exec] successes/failures: 3/0 in 5625us on UniqueGenericHash/CompactingTreeUniqueIndex
     [exec]      [exec] successes/failures: 3/0 in 27us on UniqueIntsHash/CompactingHashUniqueIndex
     [exec]      [exec] successes/failures: 3/0 in 14us on UniqueGenericTree/CompactingTreeUniqueIndex
     [exec]      [exec] successes/failures: 3/0 in 206us on UniqueIntsTree/CompactingTreeUniqueIndex
     [exec]      [exec] successes/failures: 3/0 in 11us on MultiGenericHash/CompactingTreeMultiMapIndex
     [exec]      [exec] successes/failures: 3/0 in 15us on MultiIntsHash/CompactingHashMultiMapIndex
     [exec]      [exec] successes/failures: 3/0 in 7us on MultiGenericTree/CompactingTreeMultiMapIndex
     [exec]      [exec] successes/failures: 3/0 in 7us on MultiIntsTree/CompactingTreeMultiMapIndex
     [exec]      [exec] successes/failures: 4/0 in 16us on UniqueGenericHash/CompactingTreeUniqueIndex
     [exec]      [exec] successes/failures: 4/0 in 7us on UniqueGenericTree/CompactingTreeUniqueIndex
     [exec]      [exec] successes/failures: 4/0 in 9us on MultiGenericHash/CompactingTreeMultiMapIndex
     [exec]      [exec] successes/failures: 4/0 in 7us on MultiGenericTree/CompactingTreeMultiMapIndex
     [exec]      [exec] /home/mike/voltdb/fork/voltdb/obj/debug/cpptests/indexes
     [exec]      [exec] IndexTest:
     [exec]      [exec] 	IntUnique: PASSED.
     [exec]      [exec] 	ArrayUnique: PASSED.
     [exec]      [exec] 	IntMulti: PASSED.
     [exec]      [exec] 	IntsUnique: PASSED.
     [exec]      [exec] 	IntsMulti: PASSED.
     [exec]      [exec] 	TupleKeyUnique: PASSED.
     [exec]      [exec] PASSED
     [exec]      [exec] CompactingHashIndexTest:
     [exec]      [exec] 	ENG1193: PASSED.
     [exec]      [exec] PASSED
     [exec]      [exec] CompactionTest:
     [exec]      [exec] 	BasicCompaction: PASSED.
     [exec]      [exec] 	CompactionWithCopyOnWrite: PASSED.
     [exec]      [exec] 	TestENG897: PASSED.
     [exec]      [exec] PASSED
     [exec]      [exec] CopyOnWriteTest:
     [exec]      [exec] 	CopyOnWriteIterator: PASSED.
     [exec]      [exec] 	TestTableTupleFlags: PASSED.
     [exec]      [exec] 	BigTest: PASSED.
     [exec]      [exec] 	BigTestWithUndo: PASSED.
     [exec]      [exec] 	BigTestUndoEverything: PASSED.
     [exec]      [exec] PASSED
     [exec]      [exec] ConstraintTest:
     [exec]      [exec] 	NotNull: PASSED.
     [exec]      [exec] 	UniqueOneColumnNotNull: PASSED.
     [exec]      [exec] 	UniqueOneColumnAllowNull: PASSED.
     [exec]      [exec] 	UniqueTwoColumnNotNull: PASSED.
     [exec]      [exec] 	UniqueTwoColumnAllowNull: PASSED.
     [exec]      [exec] PASSED
     [exec]      [exec] FilterTest:
     [exec]      [exec] 	SimpleFilter: PASSED.
     [exec]      [exec] 	OrFilter: PASSED.
     [exec]      [exec] 	AndFilter: PASSED.
     [exec]      [exec] 	ComplexFilter: PASSED.
     [exec]      [exec] 	SubstituteFilter: PASSED.
     [exec]      [exec] PASSED
     [exec]      [exec] PersistentTableLogTest:
     [exec]      [exec] 	InsertDeleteThenUndoOneTest: PASSED.
     [exec]      [exec] 	InsertUpdateThenUndoOneTest: PASSED.
     [exec]      [exec] 	InsertThenUndoInsertsOneTest: PASSED.
     [exec]      [exec] PASSED
     [exec]      [exec] PersistentTableMemStatsTest:
     [exec]      [exec] 	InsertTest: PASSED.
     [exec]      [exec] 	InsertThenUndoInsertTest: PASSED.
     [exec]      [exec] 	UpdateTest: PASSED.
     [exec]      [exec] 	UpdateAndUndoTest: PASSED.
     [exec]      [exec] 	DeleteTest: PASSED.
     [exec]      [exec] 	DeleteAndUndoTest: PASSED.
     [exec]      [exec] PASSED
     [exec]      [exec] TableSerializeTest:
     [exec]      [exec] 	RoundTrip: PASSED.
     [exec]      [exec] 	NullStrings: PASSED.
     [exec]      [exec] PASSED
     [exec]      [exec] StreamedTableTest:
     [exec]      [exec] 	BaseCase: PASSED.
     [exec]      [exec] PASSED
     [exec]      [exec] TableAndIndexTest:
     [exec]      [exec] 	BigTest: PASSED.
     [exec]      [exec] PASSED
     [exec]      [exec] TableTest:
     [exec]      [exec] 	ValueTypes: PASSED.
     [exec]      [exec] 	TupleInsert: PASSED.
     [exec]      [exec] 	TupleUpdate: PASSED.
     [exec]      [exec] PASSED
     [exec]      [exec] TableTupleExportTest:
     [exec]      [exec] 	maxExportSerSize_tiny: PASSED.
     [exec]      [exec] 	maxExportSerSize_withNulls: PASSED.
     [exec]      [exec] 	serToExport: PASSED.
     [exec]      [exec] 	serWithNulls: PASSED.
     [exec]      [exec] PASSED
     [exec]      [exec] TempTableLimitsTest:
     [exec]      [exec] 	CheckLogLatch: PASSED.
     [exec]      [exec] 	CheckLimitException: PASSED.
     [exec]      [exec] PASSED
     [exec]      [exec] TupleStreamWrapperTest:
     [exec]      [exec] 	DoOneTuple: PASSED.
     [exec]      [exec] 	BasicOps: PASSED.
     [exec]      [exec] 	FarFutureFlush: PASSED.
     [exec]      [exec] 	Fill: PASSED.
     [exec]      [exec] 	FillSingleTxnAndAppend: PASSED.
     [exec]      [exec] 	FillSingleTxnAndFlush: PASSED.
     [exec]      [exec] 	FillSingleTxnAndCommitWithRollback: PASSED.
     [exec]      [exec] 	FillWithOneTxn: PASSED.
     [exec]      [exec] 	RollbackFirstTuple: PASSED.
     [exec]      [exec] 	RollbackMiddleTuple: PASSED.
     [exec]      [exec] 	RollbackWholeBuffer: PASSED.
     [exec]      [exec] PASSED
     [exec]      [exec] testSuccess: PASSED.
     [exec]      [exec] testFail: PASSED.
     [exec]      [exec] testExpectEQ: PASSED.
     [exec]      [exec] testExpectNE: PASSED.
     [exec]      [exec] testExpectLT: PASSED.
     [exec]      [exec] testExpectLE: PASSED.
     [exec]      [exec] testExpectGT: PASSED.
     [exec]      [exec] testExpectGE: PASSED.
     [exec]      [exec] testExpectTrue: PASSED.
     [exec]      [exec] testAssert: PASSED.
     [exec]      [exec] testAssertTrue: PASSED.
     [exec]      [exec] 
     [exec]      [exec] ExpectDeath:
     [exec]      [exec] 	FailsToDie: PASSED.
     [exec]      [exec] 	Dies: PASSED.
     [exec]      [exec] 
     [exec]      [exec] ChTempDir:
     [exec]      [exec] 	Simple: PASSED.
     [exec]      [exec] 
     [exec]      [exec] JSONEscape:
     [exec]      [exec] 	Simple: PASSED.
     [exec]      [exec] 
     [exec]      [exec] StupidUnitOutputTest:
     [exec]      [exec] 	EmptyOutputFileName: Test:
     [exec]      [exec] 	Test: PASSED.
     [exec]      [exec] PASSED
     [exec]      [exec] PASSED.
     [exec]      [exec] 	FileExists: PASSED.
     [exec]      [exec] 	OutputSuccess: Test:
     [exec]      [exec] 	Test: PASSED.
     [exec]      [exec] 	Test: PASSED.
     [exec]      [exec] PASSED
     [exec]      [exec] PASSED.
     [exec]      [exec] 	OutputFailure: Test:
     [exec]      [exec] 	Test: FAILED.
     [exec]      [exec] ../../tests/ee/./harness_test.cpp:104: Test failed: fail called once"\
     [exec]      [exec] ../../tests/ee/./harness_test.cpp:105: Test failed: fail called twice
     [exec]      [exec] 
     [exec]      [exec] 1 FAILED
     [exec]      [exec] PASSED.
     [exec]      [exec] PASSED
     [exec]      [exec] CatalogTest:
     [exec]      [exec] 	EmptyDeserialize: PASSED.
     [exec]      [exec] 	AddSomething: PASSED.
     [exec]      [exec] 	HexDecode: PASSED.
     [exec]      [exec] PASSED
     [exec]      [exec] DebugLogTest:
     [exec]      [exec] 	SimpleTest: [DEBUG] [../../tests/ee/common/debuglog_test.cpp:64:run()] 2012-05-13 18:52:14 - debug message
     [exec]      [exec] [INFO ] [../../tests/ee/common/debuglog_test.cpp:65:run()] 2012-05-13 18:52:14 - debug message2
     [exec]      [exec] PASSED.
     [exec]      [exec] 	ParamTest: [DEBUG] [../../tests/ee/common/debuglog_test.cpp:69:run()] 2012-05-13 18:52:14 - debug value 123
     [exec]      [exec] [INFO ] [../../tests/ee/common/debuglog_test.cpp:70:run()] 2012-05-13 18:52:14 - debug value2 hogehoge
     [exec]      [exec] [ERROR] [../../tests/ee/common/debuglog_test.cpp:71:run()] 2012-05-13 18:52:14 - debug value3 -471
     [exec]      [exec] [WARN ] [../../tests/ee/common/debuglog_test.cpp:72:run()] 2012-05-13 18:52:14 - debug value4 0
     [exec]      [exec] PASSED.
     [exec]      [exec] 	MultiParamTest: [DEBUG] [../../tests/ee/common/debuglog_test.cpp:75:run()] 2012-05-13 18:52:14 - debug value 123, hoho, 10
     [exec]      [exec] PASSED.
     [exec]      [exec] 	EnabledTest: [ERROR] [../../tests/ee/common/debuglog_test.cpp:79:run()] 2012-05-13 18:52:14 - this should be displayed
     [exec]      [exec] PASSED.
     [exec]      [exec] PASSED
     [exec]      [exec] SerializeIOTest:
     [exec]      [exec] 	ReadWrite: PASSED.
     [exec]      [exec] 	Unread: PASSED.
     [exec]      [exec] 
     [exec]      [exec] SerializeOutput:
     [exec]      [exec] 	ReserveBytes: PASSED.
     [exec]      [exec] PASSED
     [exec]      [exec] UndoLogTest:
     [exec]      [exec] 	TestZeroQuantumZeroAction: PASSED.
     [exec]      [exec] 	TestOneQuantumZeroAction: PASSED.
     [exec]      [exec] 	TestOneQuantumOneAction: PASSED.
     [exec]      [exec] 	TestOneQuantumTenAction: PASSED.
     [exec]      [exec] 	TestTenQuantumOneAction: PASSED.
     [exec]      [exec] 	TestTenQuantumTenAction: PASSED.
     [exec]      [exec] 	TestOneQuantumOneActionRelease: PASSED.
     [exec]      [exec] 	TestOneQuantumOneActionUndo: PASSED.
     [exec]      [exec] 	TestOneQuantumThreeActionUndoOrdering: PASSED.
     [exec]      [exec] 	TestOneQuantumThreeActionReleaseOrdering: PASSED.
     [exec]      [exec] 	TestThreeQuantumThreeActionUndoOrdering: PASSED.
     [exec]      [exec] 	TestThreeQuantumThreeActionReleaseOrdering: PASSED.
     [exec]      [exec] 	TestThreeQuantumThreeActionReleaseOneUndoOne: PASSED.
     [exec]      [exec] 	TestThreeQuantumThreeActionUndoOneReleaseOne: PASSED.
     [exec]      [exec] 	TestTwoQuantumTwoActionReleaseOneUndoOne: PASSED.
     [exec]      [exec] 	TestTwoQuantumTwoActionUndoOneReleaseOne: PASSED.
     [exec]      [exec] PASSED
     [exec]      [exec] ValueArrayTest:
     [exec]      [exec] 	BasicTest: PASSED.
     [exec]      [exec] PASSED
     [exec]      [exec] NValueTest:
     [exec]      [exec] 	DeserializeDecimal: PASSED.
     [exec]      [exec] 	TestCastToBigInt: PASSED.
     [exec]      [exec] 	TestCastToInteger: PASSED.
     [exec]      [exec] 	TestCastToSmallInt: PASSED.
     [exec]      [exec] 	TestCastToTinyInt: PASSED.
     [exec]      [exec] 	TestCastToDouble: PASSED.
     [exec]      [exec] 	TestCastToString: PASSED.
     [exec]      [exec] 	TestCastToDecimal: PASSED.
     [exec]      [exec] 	TestBigIntOpAddOverflow: PASSED.
     [exec]      [exec] 	TestBigIntOpSubtractOverflow: PASSED.
     [exec]      [exec] 	TestBigIntOpMultiplyOverflow: PASSED.
     [exec]      [exec] 	TestDoubleOpAddOverflow: PASSED.
     [exec]      [exec] 	TestDoubleOpSubtractOverflow: PASSED.
     [exec]      [exec] 	TestDoubleOpMultiplyOverflow: PASSED.
     [exec]      [exec] 	TestDoubleOpDivideOverflow: PASSED.
     [exec]      [exec] 	TestOpIncrementOverflow: PASSED.
     [exec]      [exec] 	TestOpDecrementOverflow: PASSED.
     [exec]      [exec] 	TestComparisonOps: PASSED.
     [exec]      [exec] 	TestNullHandling: PASSED.
     [exec]      [exec] 	TestDivideByZero: PASSED.
     [exec]      [exec] 	CompareDecimal: PASSED.
     [exec]      [exec] 	AddDecimal: PASSED.
     [exec]      [exec] 	SubtractDecimal: PASSED.
     [exec]      [exec] 	DecimalProducts: PASSED.
     [exec]      [exec] 	DecimalQuotients: PASSED.
     [exec]      [exec] 	SerializeToExport: PASSED.
     [exec]      [exec] PASSED
     [exec]      [exec] TableTupleTest:
     [exec]      [exec] 	ComputeNonInlinedMemory: PASSED.
     [exec]      [exec] PASSED
     [exec]      [exec] PlanNodeFragmentTest:
     [exec]      [exec] 	HasDeleteTrue: PASSED.
     [exec]      [exec] 	HasDeleteFalse: PASSED.
     [exec]      [exec] 	HasDeleteInline: PASSED.
     [exec]      [exec] PASSED
     [exec]      [exec] ExpressionTest:
     [exec]      [exec] 	SimpleAddition: PASSED.
     [exec]      [exec] 	SimpleMultiplication: PASSED.
     [exec]      [exec] PASSED
     [exec]      [exec] AddDropTableTest:
     [exec]      [exec] 	DetectNewTable: PASSED.
     [exec]      [exec] 	DetectDeletedTable: PASSED.
     [exec]      [exec] 	WasAddedFlagCleared: PASSED.
     [exec]      [exec] 	DeletionsSetCleared: PASSED.
     [exec]      [exec] 	AddTable: PASSED.
     [exec]      [exec] 	AddTwoTablesDropTwoTables: PASSED.
     [exec]      [exec] 	DropTable: PASSED.
     [exec]      [exec] 	AddDropAdd: PASSED.
     [exec]      [exec] 	StatsWithDropTable: PASSED.
     [exec]      [exec] 	BadDropTable: PASSED.
     [exec]      [exec] 	BadAddTable: PASSED.
     [exec]      [exec] PASSED
     [exec]      [exec] PASSED
     [exec]      [exec] CompactingMapTest:
     [exec]      [exec] 	Benchmark: PASSED.
     [exec]      [exec] 	BenchmarkDel: PASSED.
     [exec]      [exec] 	Bounds: PASSED.
     [exec]      [exec] 	BenchmarkMulti: PASSED.
     [exec]      [exec] 	Trivial: PASSED.
     [exec]      [exec] 	RandomUnique: PASSED.
     [exec]      [exec] 	RandomMulti: PASSED.
     [exec]      [exec] PASSED
     [exec]      [exec] Assertions are enabled
     [exec]      [exec] CompactingHashTest:
     [exec]      [exec] 	Fuzz: PASSED.
     [exec]      [exec] 	MissingByKey: PASSED.
     [exec]      [exec] 	ShrinkAndGrowUnique: PASSED.
     [exec]      [exec] 	ShrinkAndGrowMulti: PASSED.
     [exec]      [exec] 	Benchmark: PASSED.
     [exec]      [exec] 	BenchmarkDel: PASSED.
     [exec]      [exec] 	BenchmarkMulti: PASSED.
     [exec]      [exec] 	Trivial: PASSED.
     [exec]      [exec] PASSED
     [exec]      [exec] CompactingPoolTest:
     [exec]      [exec] 	basic_ops: PASSED.
     [exec]      [exec] 	bytes_allocated_test: PASSED.
     [exec]      [exec] PASSED
     [exec]      [exec] ===============================================================================
     [exec]      [exec] TESTING COMPLETE (PASSED: 33, FAILED: 0)
     [exec]      [exec] *** SUCCESS ***
     [exec]      [exec] ===============================================================================
     [exec] 
     [exec] junit:
     [exec]     [junit] Running org.hsqldb_voltpatches.TestHSQLDB
     [exec]     [junit] Tests run:   1, Failures:   0, Errors:   0, Time elapsed: 0.45 sec
     [exec]     [junit] Running org.hsqldb_voltpatches.TestJDBC
     [exec]     [junit] Tests run:   3, Failures:   0, Errors:   0, Time elapsed: 0.63 sec
     [exec]     [junit] Running org.voltdb.TestAdHocQueries
     [exec]     [junit] [ERROR] [../../src/ee/executors/insertexecutor.cpp:307:p_next_pull()] 2012-05-13 18:54:09 - Mispartitioned Tuple in single-partition plan.
     [exec]     [junit] Tests run:   1, Failures:   0, Errors:   0, Time elapsed: 4.15 sec
     [exec]     [junit] Running org.voltdb.TestBuildString
     [exec]     [junit] Tests run:   7, Failures:   0, Errors:   0, Time elapsed: 0.22 sec
     [exec]     [junit] Running org.voltdb.TestClientInterface
     [exec]     [junit] Tests run:  15, Failures:   0, Errors:   0, Time elapsed: 1.31 sec
     [exec]     [junit] Running org.voltdb.TestEELibraryLoader
     [exec]     [junit] Tests run:   1, Failures:   0, Errors:   0, Time elapsed: 0.39 sec
     [exec]     [junit] Running org.voltdb.TestExecutionSite
     [exec]     [junit] Tests run:   8, Failures:   0, Errors:   0, Time elapsed: 2.21 sec
     [exec]     [junit] Running org.voltdb.TestExpectations
     [exec]     [junit] Tests run:   1, Failures:   0, Errors:   0, Time elapsed: 3.13 sec
     [exec]     [junit] Running org.voltdb.TestHSQLBackend
     [exec]     [junit] Tests run:   5, Failures:   0, Errors:   0, Time elapsed: 11.69 sec
     [exec]     [junit] Running org.voltdb.TestJSONInterface
     [exec]     [junit] Tests run:   8, Failures:   0, Errors:   0, Time elapsed: 48.13 sec
     [exec]     [junit] Running org.voltdb.TestJdbcDatabaseMetaDataGenerator
     [exec]     [junit] Tests run:   5, Failures:   0, Errors:   0, Time elapsed: 1.45 sec
     [exec]     [junit] Running org.voltdb.TestParameterSet
     [exec]     [junit] Tests run:   5, Failures:   0, Errors:   0, Time elapsed: 0.25 sec
     [exec]     [junit] Running org.voltdb.TestRejoinEndToEnd
     [exec]     [junit] Tests run:  14, Failures:   0, Errors:   0, Time elapsed: 149.07 sec
     [exec]     [junit] Running org.voltdb.TestRejoinFuzz
     [exec]     [junit] Tests run:   1, Failures:   0, Errors:   0, Time elapsed: 165.45 sec
     [exec]     [junit] Running org.voltdb.TestRejoinFuzz2
     [exec]     [junit] Tests run:   1, Failures:   0, Errors:   0, Time elapsed: 108.28 sec
     [exec]     [junit] Running org.voltdb.TestReplicatedInvocation
     [exec]     [junit] Tests run:   4, Failures:   0, Errors:   0, Time elapsed: 6.47 sec
     [exec]     [junit] Running org.voltdb.TestRestoreAgent
     [exec]     [junit] Tests run:  21, Failures:   0, Errors:   0, Time elapsed: 44.33 sec
     [exec]     [junit] Running org.voltdb.TestSimpleCJK
     [exec]     [junit] Tests run:   2, Failures:   0, Errors:   0, Time elapsed: 6.09 sec
     [exec]     [junit] Running org.voltdb.TestSnapshotDaemon
     [exec]     [junit] Tests run:   4, Failures:   0, Errors:   0, Time elapsed: 9.00 sec
     [exec]     [junit] Running org.voltdb.TestStatsAgent
     [exec]     [junit] Tests run:   4, Failures:   0, Errors:   0, Time elapsed: 2.12 sec
     [exec]     [junit] Running org.voltdb.TestTheHashinator
     [exec]     [junit] Tests run:   6, Failures:   0, Errors:   0, Time elapsed: 0.78 sec
     [exec]     [junit] Running org.voltdb.TestTransactionIdManager
     [exec]     [junit] Tests run:   6, Failures:   0, Errors:   0, Time elapsed: 0.34 sec
     [exec]     [junit] Running org.voltdb.TestTwoSitePlans
     [exec]     [junit] Tests run:   1, Failures:   0, Errors:   0, Time elapsed: 2.93 sec
     [exec]     [junit] Running org.voltdb.TestVoltDB
     [exec]     [junit] Tests run:   4, Failures:   0, Errors:   0, Time elapsed: 7.18 sec
     [exec]     [junit] Running org.voltdb.TestVoltProcedure
     [exec]     [junit] Tests run:  18, Failures:   0, Errors:   0, Time elapsed: 1.10 sec
     [exec]     [junit] Running org.voltdb.TestVoltTable
     [exec]     [junit] Tests run:  29, Failures:   0, Errors:   0, Time elapsed: 0.57 sec
     [exec]     [junit] Running org.voltdb.TestVoltType
     [exec]     [junit] Tests run:   9, Failures:   0, Errors:   0, Time elapsed: 0.16 sec
     [exec]     [junit] Running org.voltdb.catalog.TestCatalogDiffs
     [exec]     [junit] Tests run:  27, Failures:   0, Errors:   0, Time elapsed: 25.37 sec
     [exec]     [junit] Running org.voltdb.catalog.TestCatalogSerialization
     [exec]     [junit] Tests run:   1, Failures:   0, Errors:   0, Time elapsed: 4.67 sec
     [exec]     [junit] Running org.voltdb.client.TestClientTimeouts
     [exec]     [junit] Tests run:   2, Failures:   0, Errors:   0, Time elapsed: 10.22 sec
     [exec]     [junit] Running org.voltdb.client.TestDistributer
     [exec]     [junit] Tests run:   7, Failures:   0, Errors:   0, Time elapsed: 13.80 sec
     [exec]     [junit] Running org.voltdb.client.TestProcedureInvocation
     [exec]     [junit] Tests run:   4, Failures:   0, Errors:   0, Time elapsed: 0.25 sec
     [exec]     [junit] Running org.voltdb.compiler.TestAsyncCompilerAgent
     [exec]     [junit] Tests run:   1, Failures:   0, Errors:   0, Time elapsed: 0.49 sec
     [exec]     [junit] Running org.voltdb.compiler.TestClusterCompiler
     [exec]     [junit] Tests run:   2, Failures:   0, Errors:   0, Time elapsed: 0.16 sec
     [exec]     [junit] Running org.voltdb.compiler.TestDDLCompiler
     [exec]     [junit] Tests run:   6, Failures:   0, Errors:   0, Time elapsed: 1.50 sec
     [exec]     [junit] Running org.voltdb.compiler.TestMilestoneOneCompile
     [exec]     [junit] Tests run:   1, Failures:   0, Errors:   0, Time elapsed: 1.12 sec
     [exec]     [junit] Running org.voltdb.compiler.TestVoltCompiler
     [exec]     [junit] Tests run:  56, Failures:   0, Errors:   0, Time elapsed: 10.88 sec
     [exec]     [junit] Running org.voltdb.dtxn.TestDtxnInitiatorMailbox
     [exec]     [junit] Tests run:   8, Failures:   0, Errors:   0, Time elapsed: 0.70 sec
     [exec]     [junit] Running org.voltdb.dtxn.TestInFlightTxnState
     [exec]     [junit] Tests run:   2, Failures:   0, Errors:   0, Time elapsed: 0.22 sec
     [exec]     [junit] Running org.voltdb.dtxn.TestNonDetermisticSeppuku
     [exec]     [junit] Tests run:   3, Failures:   0, Errors:   0, Time elapsed: 12.30 sec
     [exec]     [junit] Running org.voltdb.dtxn.TestRestrictedPriorityQueue
     [exec]     [junit] Tests run:   6, Failures:   0, Errors:   0, Time elapsed: 0.27 sec
     [exec]     [junit] Running org.voltdb.dtxn.TestSimpleWorkUnit
     [exec]     [junit] Tests run:   6, Failures:   0, Errors:   0, Time elapsed: 0.52 sec
     [exec]     [junit] Running org.voltdb.dtxn.TestSiteTracker
     [exec]     [junit] Tests run:   7, Failures:   0, Errors:   0, Time elapsed: 0.64 sec
     [exec]     [junit] Running org.voltdb.executionsitefuzz.TestExecutionSiteFuzzChecker
     [exec]     [junit] Tests run:  13, Failures:   0, Errors:   0, Time elapsed: 0.31 sec
     [exec]     [junit] Running org.voltdb.export.TestExportDataSource
     [exec]     [junit] Tests run:   5, Failures:   0, Errors:   0, Time elapsed: 0.49 sec
     [exec]     [junit] Running org.voltdb.export.TestExportProtoMessage
     [exec]     [junit] Tests run:  11, Failures:   0, Errors:   0, Time elapsed: 0.24 sec
     [exec]     [junit] Running org.voltdb.export.TestStreamBlockQueue
     [exec]     [junit] Tests run:   7, Failures:   0, Errors:   0, Time elapsed: 7.41 sec
     [exec]     [junit] Running org.voltdb.export.processors.TestRawProcessor
     [exec]     [junit] Tests run:  10, Failures:   0, Errors:   0, Time elapsed: 0.49 sec
     [exec]     [junit] Running org.voltdb.exportclient.TestCtrlC
     [exec]     [junit] Tests run:   1, Failures:   0, Errors:   0, Time elapsed: 31.00 sec
     [exec]     [junit] Running org.voltdb.exportclient.TestExportDataSink
     [exec]     [junit] Tests run:   1, Failures:   0, Errors:   0, Time elapsed: 0.22 sec
     [exec]     [junit] Running org.voltdb.exportclient.TestExportDecoderBase
     [exec]     [junit] Tests run:   1, Failures:   0, Errors:   0, Time elapsed: 0.15 sec
     [exec]     [junit] Running org.voltdb.exportclient.TestExportOpsEvents
     [exec]     [junit] Tests run:   3, Failures:   0, Errors:   0, Time elapsed: 8.21 sec
     [exec]     [junit] Running org.voltdb.exportclient.TestExportToFileClient
     [exec]     [junit] Tests run:   2, Failures:   0, Errors:   0, Time elapsed: 8.78 sec
     [exec]     [junit] Running org.voltdb.expressions.TestExpressionUtil
     [exec]     [junit] Tests run:   6, Failures:   0, Errors:   0, Time elapsed: 0.17 sec
     [exec]     [junit] Running org.voltdb.fault.TestFaultDistributor
     [exec]     [junit] Tests run:   8, Failures:   0, Errors:   0, Time elapsed: 0.66 sec
     [exec]     [junit] Running org.voltdb.jdbc.TestJDBCDriver
     [exec]     [junit] Tests run:  15, Failures:   0, Errors:   0, Time elapsed: 5.26 sec
     [exec]     [junit] Running org.voltdb.jni.TestExecutionEngine
     [exec]     [junit] [ERROR] [../../src/ee//voltdbjni.cpp:336:Java_org_voltdb_jni_ExecutionEngine_nativeLoadCatalog()] 2012-05-13 19:06:31 - loadCatalog failed
     [exec]     [junit] Tests run:   7, Failures:   0, Errors:   0, Time elapsed: 28.79 sec
     [exec]     [junit] Running org.voltdb.messaging.TestFastSerializer
     [exec]     [junit] Tests run:   4, Failures:   0, Errors:   0, Time elapsed: 0.36 sec
     [exec]     [junit] Running org.voltdb.messaging.TestMessaging
     [exec]     [junit] Tests run:   6, Failures:   0, Errors:   0, Time elapsed: 1.36 sec
     [exec]     [junit] Running org.voltdb.messaging.TestVoltMessageSerialization
     [exec]     [junit] Tests run:   8, Failures:   0, Errors:   0, Time elapsed: 0.26 sec
     [exec]     [junit] Running org.voltdb.network.TestNIOReadStream
     [exec]     [junit] Tests run:   8, Failures:   0, Errors:   0, Time elapsed: 0.24 sec
     [exec]     [junit] Running org.voltdb.network.TestNIOWriteStream
     [exec]     [junit] Tests run:   6, Failures:   0, Errors:   0, Time elapsed: 0.30 sec
     [exec]     [junit] Running org.voltdb.network.TestVoltNetwork
     [exec]     [junit] Tests run:   2, Failures:   0, Errors:   0, Time elapsed: 0.23 sec
     [exec]     [junit] Running org.voltdb.network.TestVoltPort
     [exec]     [junit] Tests run:   1, Failures:   0, Errors:   0, Time elapsed: 0.23 sec
     [exec]     [junit] Running org.voltdb.planner.TestColumnTrimmingPlans
     [exec]     [junit] Tests run:   1, Failures:   0, Errors:   0, Time elapsed: 0.81 sec
     [exec]     [junit] Running org.voltdb.planner.TestCoveringIndexPlans
     [exec]     [junit]     testSingleColumnLessThan failed an assertion.
     [exec]     [junit]         org.voltdb.planner.TestCoveringIndexPlans(TestCoveringIndexPlans.java:188)
     [exec]     [junit] Tests run:   6, Failures:   1, Errors:   0, Time elapsed: 0.89 sec

     //@PULLEXEC OK       Plan is now ProjectionPlanNode
                                             SeqScanPlanNode
                        Projectiuon used to be inlined
                        
     [exec]     [junit] Test org.voltdb.planner.TestCoveringIndexPlans FAILED
     [exec]     [junit] Running org.voltdb.planner.TestFunctions
     [exec]     [junit] Tests run:   1, Failures:   0, Errors:   0, Time elapsed: 0.50 sec
     [exec]     [junit] Running org.voltdb.planner.TestIndexVSHashChoice
     [exec]     [junit] Tests run:   1, Failures:   0, Errors:   0, Time elapsed: 0.60 sec
     [exec]     [junit] Running org.voltdb.planner.TestJoinOrder
     [exec]     [junit] Tests run:   1, Failures:   0, Errors:   0, Time elapsed: 0.63 sec
     [exec]     [junit] Running org.voltdb.planner.TestParsedStatements
     [exec]     [junit] Tests run:   4, Failures:   0, Errors:   0, Time elapsed: 11.74 sec
     [exec]     [junit] Running org.voltdb.planner.TestPlannerTool
     [exec]     [junit] Tests run:   2, Failures:   0, Errors:   0, Time elapsed: 18.49 sec
     [exec]     [junit] Running org.voltdb.planner.TestPlansGroupBy
     [exec]     [junit] Tests run:   6, Failures:   0, Errors:   0, Time elapsed: 0.81 sec
     [exec]     [junit] Running org.voltdb.planner.TestPlansOrderBy
     [exec]     [junit] Tests run:   9, Failures:   0, Errors:   0, Time elapsed: 0.89 sec
     [exec]     [junit] Running org.voltdb.planner.TestPlansTPCC
     [exec]     [junit] Tests run:   7, Failures:   0, Errors:   0, Time elapsed: 1.82 sec
     [exec]     [junit] Running org.voltdb.planner.TestPushDownAggregates
     [exec]     [junit] Tests run:  19, Failures:   0, Errors:   0, Time elapsed: 1.28 sec
     [exec]     [junit] Running org.voltdb.planner.TestVerbotenPlans
     [exec]     [junit] Tests run:   1, Failures:   0, Errors:   0, Time elapsed: 0.91 sec
     [exec]     [junit] Running org.voltdb.plannodes.TestNestLoopPlanNode
     [exec]     [junit] Tests run:   1, Failures:   0, Errors:   0, Time elapsed: 0.18 sec
     [exec]     [junit] Running org.voltdb.plannodes.TestScanPlanNode
     [exec]     [junit]     testOutputSchemaSomeScanColumns failed an assertion.
     [exec]     [junit]         org.voltdb.plannodes.TestScanPlanNode(TestScanPlanNode.java:116)
     
     //@PULLEXEC OK     Projectiuon used to be inlined. Now it's above the scan node
                         see SeqScanPlanNode::generateOutputSchema line 210
                         
     [exec]     [junit] Tests run:   3, Failures:   1, Errors:   0, Time elapsed: 0.49 sec
     [exec]     [junit] Test org.voltdb.plannodes.TestScanPlanNode FAILED
     [exec]     [junit] Running org.voltdb.regressionsuites.TestAdminMode
     [exec]     [junit] Tests run:   2, Failures:   0, Errors:   0, Time elapsed: 9.38 sec
     [exec]     [junit] Running org.voltdb.regressionsuites.TestCRUDSuite
     [exec]     [junit] Tests run:  10, Failures:   0, Errors:   0, Time elapsed: 25.16 sec
     [exec]     [junit] Running org.voltdb.regressionsuites.TestCatalogUpdateSuite
     [exec]     [junit] Tests run:   6, Failures:   0, Errors:   0, Time elapsed: 237.96 sec
     [exec]     [junit] Running org.voltdb.regressionsuites.TestDecimalDefaults
     [exec]     [junit] Tests run:   1, Failures:   0, Errors:   0, Time elapsed: 1.61 sec
     [exec]     [junit] Running org.voltdb.regressionsuites.TestExecutionSiteDeath
     [exec]     [junit] Tests run:   1, Failures:   0, Errors:   0, Time elapsed: 5.31 sec
     [exec]     [junit] Running org.voltdb.regressionsuites.TestFailureDetectSuite
     [exec]     [junit] Tests run:   4, Failures:   0, Errors:   0, Time elapsed: 19.01 sec
     [exec]     [junit] Running org.voltdb.regressionsuites.TestFailuresSuite
     [exec]     [junit] Tests run:  42, Failures:   0, Errors:   0, Time elapsed: 153.09 sec
     [exec]     [junit] Running org.voltdb.regressionsuites.TestFixedSQLSuite
     [exec]     [junit] java: ../../src/ee/executors/limitexecutor.cpp:189: virtual void voltdb::LimitExecutor::p_pre_execute_pull(const voltdb::NValueArray&): Assertion `limit >= 0' failed.

     //@PULLEXEC OK fixed linit executor


     [exec]     [junit] Test org.voltdb.regressionsuites.TestFixedSQLSuite FAILED (crashed)
     [exec]     [junit] Running org.voltdb.regressionsuites.TestGiantDeleteSuite
     [exec]     [junit]     testGiantDelete-localSingleProcess-2-JNI had an error.
     [exec]     [junit]         org.voltdb.client.ClientImpl(ClientImpl.java:218)
     [exec]     [junit]         org.voltdb.client.ClientImpl(ClientImpl.java:178)
     [exec]     [junit]         org.voltdb.regressionsuites.TestGiantDeleteSuite(TestGiantDeleteSuite.java:50)
     [exec]     [junit] Tests run:   1, Failures:   0, Errors:   1, Time elapsed: 241.78 sec
     [exec]     [junit] Test org.voltdb.regressionsuites.TestGiantDeleteSuite FAILED
     [exec]     [junit] Running org.voltdb.regressionsuites.TestIndexMemoryOwnershipSuite
     [exec]     [junit] Tests run:   3, Failures:   0, Errors:   0, Time elapsed: 3.80 sec
     [exec]     [junit] Running org.voltdb.regressionsuites.TestIndexesSuite
     [exec]     [junit] Tests run:  18, Failures:   0, Errors:   0, Time elapsed: 35.86 sec
     [exec]     [junit] Running org.voltdb.regressionsuites.TestLimitOffsetSuite
     [exec]     [junit] Tests run:  18, Failures:   0, Errors:   0, Time elapsed: 37.43 sec
     [exec]     [junit] Running org.voltdb.regressionsuites.TestLoadingSuite
     [exec]     [junit] Tests run:   6, Failures:   0, Errors:   0, Time elapsed: 12.45 sec
     [exec]     [junit] Running org.voltdb.regressionsuites.TestMaterializedViewSuite
     [exec]     [junit] Tests run:  24, Failures:   0, Errors:   0, Time elapsed: 52.63 sec
     [exec]     [junit] Running org.voltdb.regressionsuites.TestMultiPartitionSuite
     [exec]     [junit] Tests run:  20, Failures:   0, Errors:   0, Time elapsed: 54.28 sec
     [exec]     [junit] Running org.voltdb.regressionsuites.TestOrderBySuite
     [exec]     [junit] Tests run:  40, Failures:   0, Errors:   0, Time elapsed: 83.54 sec
     [exec]     [junit] Running org.voltdb.regressionsuites.TestPartitionDetection
     [exec]     [junit] Tests run:   1, Failures:   0, Errors:   0, Time elapsed: 9.54 sec
     [exec]     [junit] External VoltDB process terminated abnormally with return: 255
     [exec]     [junit] Running org.voltdb.regressionsuites.TestPlansGroupBySuite
     [exec]     [junit] Tests run:  42, Failures:   0, Errors:   0, Time elapsed: 75.24 sec
     [exec]     [junit] Running org.voltdb.regressionsuites.TestReplicatedSaveRestoreSysprocSuite
     [exec]     [junit] Tests run:  17, Failures:   0, Errors:   0, Time elapsed: 44.97 sec
     [exec]     [junit] Running org.voltdb.regressionsuites.TestReplicationSuite
     [exec]     [junit] Tests run:  20, Failures:   0, Errors:   0, Time elapsed: 96.61 sec
     [exec]     [junit] Running org.voltdb.regressionsuites.TestRollbackSuite
     [exec]     [junit] Tests run:  48, Failures:   0, Errors:   0, Time elapsed: 216.75 sec
     [exec]     [junit] Running org.voltdb.regressionsuites.TestSQLFeaturesSuite
     [exec]     [junit] Tests run:  45, Failures:   0, Errors:   0, Time elapsed: 689.55 sec
     [exec]     [junit] Running org.voltdb.regressionsuites.TestSQLTypesSuite
     [exec]     [junit] Tests run:  36, Failures:   0, Errors:   0, Time elapsed: 151.82 sec
     [exec]     [junit] Running org.voltdb.regressionsuites.TestSaveRestoreSysprocSuite
     [exec]     [junit] WARNING in native method: JNI FindClass received a bad class descriptor "Lorg/xerial/snappy/SnappyNative;".  A correct class descriptor has no leading "L" or trailing ";".  Incorrect descriptors will not be accepted in future releases.
     [exec]     [junit] 	at org.xerial.snappy.SnappyNative.rawUncompress(Native Method)
     [exec]     [junit] 	at org.xerial.snappy.Snappy.uncompress(Snappy.java:463)
     [exec]     [junit] 	at org.voltdb.utils.CompressionService.decompressBuffer(CompressionService.java:189)
     [exec]     [junit] 	at org.voltdb.sysprocs.saverestore.TableSaveFile$ChunkReader.readChunks(TableSaveFile.java:637)
     [exec]     [junit] 	at org.voltdb.sysprocs.saverestore.TableSaveFile$ChunkReader.run(TableSaveFile.java:769)
     [exec]     [junit] 	at java.lang.Thread.run(Thread.java:662)
     [exec]     [junit] WARNING in native method: JNI FindClass received a bad class descriptor "Lorg/xerial/snappy/SnappyNative;".  A correct class descriptor has no leading "L" or trailing ";".  Incorrect descriptors will not be accepted in future releases.
     [exec]     [junit] 	at org.xerial.snappy.SnappyNative.rawUncompress(Native Method)
     [exec]     [junit] 	at org.xerial.snappy.Snappy.uncompress(Snappy.java:463)
     [exec]     [junit] 	at org.voltdb.utils.CompressionService.decompressBuffer(CompressionService.java:189)
     [exec]     [junit] WARNING in native method: JNI FindClass received a bad class descriptor "Lorg/xerial/snappy/SnappyNative;".  A correct class descriptor has no leading "L" or trailing ";".  Incorrect descriptors will not be accepted in future releases.
     [exec]     [junit] 	at org.xerial.snappy.SnappyNative.rawUncompress(Native Method)
     [exec]     [junit] 	at org.xerial.snappy.Snappy.uncompress(Snappy.java:463)
     [exec]     [junit] 	at org.voltdb.utils.CompressionService.decompressBuffer(CompressionService.java:189)
     [exec]     [junit] 	at org.voltdb.sysprocs.saverestore.TableSaveFile$ChunkReader.readChunks(TableSaveFile.java:637)
     [exec]     [junit] 	at org.voltdb.sysprocs.saverestore.TableSaveFile$ChunkReader.run(TableSaveFile.java:769)
     [exec]     [junit] 	at java.lang.Thread.run(Thread.java:662)
     [exec]     [junit] 	at org.voltdb.sysprocs.saverestore.TableSaveFile$ChunkReader.readChunks(TableSaveFile.java:637)
     [exec]     [junit] 	at org.voltdb.sysprocs.saverestore.TableSaveFile$ChunkReader.run(TableSaveFile.java:769)
     [exec]     [junit] 	at java.lang.Thread.run(Thread.java:662)
     [exec]     [junit] WARNING in native method: JNI FindClass received a bad class descriptor "Lorg/xerial/snappy/SnappyNative;".  A correct class descriptor has no leading "L" or trailing ";".  Incorrect descriptors will not be accepted in future releases.
     [exec]     [junit] 	at org.xerial.snappy.SnappyNative.rawUncompress(Native Method)
     [exec]     [junit] 	at org.xerial.snappy.Snappy.uncompress(Snappy.java:463)
     [exec]     [junit] 	at org.voltdb.utils.CompressionService.decompressBuffer(CompressionService.java:189)
     [exec]     [junit] 	at org.voltdb.sysprocs.saverestore.TableSaveFile$ChunkReader.readChunks(TableSaveFile.java:637)
     [exec]     [junit] 	at org.voltdb.sysprocs.saverestore.TableSaveFile$ChunkReader.run(TableSaveFile.java:769)
     [exec]     [junit] 	at java.lang.Thread.run(Thread.java:662)
     [exec]     [junit] Tests run:  17, Failures:   0, Errors:   0, Time elapsed: 106.85 sec
     [exec]     [junit] Running org.voltdb.regressionsuites.TestSecuritySuite
     [exec]     [junit] Tests run:  10, Failures:   0, Errors:   0, Time elapsed: 35.66 sec
     [exec]     [junit] Running org.voltdb.regressionsuites.TestSneakyExecutionOrderSuite
     [exec]     [junit] Tests run:   2, Failures:   0, Errors:   0, Time elapsed: 5.20 sec
     [exec]     [junit] Running org.voltdb.regressionsuites.TestSqlAggregateSuite
     [exec]     [junit] Tests run:  18, Failures:   0, Errors:   0, Time elapsed: 51.29 sec
     [exec]     [junit] Running org.voltdb.regressionsuites.TestSqlLogicOperatorsSuite
     [exec]     [junit] Tests run:  16, Failures:   0, Errors:   0, Time elapsed: 40.05 sec
     [exec]     [junit] Running org.voltdb.regressionsuites.TestSqlUpdateSuite
     [exec]     [junit] Tests run:  36, Failures:   0, Errors:   0, Time elapsed: 78.95 sec
     [exec]     [junit] Running org.voltdb.regressionsuites.TestSystemCatalogSuite
     [exec]     [junit]     testColumnsSelector-localCluster-2-2-JNI had an error.
     [exec]     [junit]         org.voltdb.regressionsuites.LocalCluster(LocalCluster.java:435)
     [exec]     [junit]         org.voltdb.regressionsuites.LocalCluster(LocalCluster.java:258)
     [exec]     [junit]         org.voltdb.regressionsuites.RegressionSuite(RegressionSuite.java:74)
     [exec]     [junit]     testIndexInfoSelector-localCluster-2-2-JNI had an error.
     [exec]     [junit]         org.voltdb.regressionsuites.LocalCluster(LocalCluster.java:435)
     [exec]     [junit]         org.voltdb.regressionsuites.LocalCluster(LocalCluster.java:258)
     [exec]     [junit]         org.voltdb.regressionsuites.RegressionSuite(RegressionSuite.java:74)
     [exec]     [junit]     testPrimaryKeysSelector-localCluster-2-2-JNI had an error.
     [exec]     [junit]         org.voltdb.regressionsuites.LocalCluster(LocalCluster.java:435)
     [exec]     [junit]         org.voltdb.regressionsuites.LocalCluster(LocalCluster.java:258)
     [exec]     [junit]         org.voltdb.regressionsuites.RegressionSuite(RegressionSuite.java:74)
     [exec]     [junit]     testProceduresSelector-localCluster-2-2-JNI had an error.
     [exec]     [junit]         org.voltdb.regressionsuites.LocalCluster(LocalCluster.java:435)
     [exec]     [junit]         org.voltdb.regressionsuites.LocalCluster(LocalCluster.java:258)
     [exec]     [junit]         org.voltdb.regressionsuites.RegressionSuite(RegressionSuite.java:74)
     [exec]     [junit]     testProcedureColumnsSelector-localCluster-2-2-JNI had an error.
     [exec]     [junit]         org.voltdb.regressionsuites.LocalCluster(LocalCluster.java:435)
     [exec]     [junit]         org.voltdb.regressionsuites.LocalCluster(LocalCluster.java:258)
     [exec]     [junit]         org.voltdb.regressionsuites.RegressionSuite(RegressionSuite.java:74)
     [exec]     [junit]     testJdbcAccess-localCluster-2-2-JNI had an error.
     [exec]     [junit]         org.voltdb.regressionsuites.LocalCluster(LocalCluster.java:435)
     [exec]     [junit]         org.voltdb.regressionsuites.LocalCluster(LocalCluster.java:258)
     [exec]     [junit]         org.voltdb.regressionsuites.RegressionSuite(RegressionSuite.java:74)
     [exec]     [junit] Tests run:   8, Failures:   0, Errors:   6, Time elapsed: 366.52 sec
     [exec]     [junit] Test org.voltdb.regressionsuites.TestSystemCatalogSuite FAILED
     [exec]     [junit] Running org.voltdb.regressionsuites.TestSystemInformationSuite
     [exec]     [junit] Tests run:   6, Failures:   0, Errors:   0, Time elapsed: 14.18 sec
     [exec]     [junit] Running org.voltdb.regressionsuites.TestSystemProcedureSuite
     [exec]     [junit] Tests run:  38, Failures:   0, Errors:   0, Time elapsed: 133.66 sec
     [exec]     [junit] Running org.voltdb.regressionsuites.TestTPCCSuite
     [exec]     [junit] Tests run:  14, Failures:   0, Errors:   0, Time elapsed: 95.14 sec
     [exec]     [junit] Running org.voltdb.regressionsuites.TestTempTableMemoryKnob
     [exec]     [junit] Tests run:   1, Failures:   0, Errors:   0, Time elapsed: 11.95 sec
     [exec]     [junit] Running org.voltdb.sysprocs.saverestore.TestClusterSaveFileState
     [exec]     [junit] Tests run:   7, Failures:   0, Errors:   0, Time elapsed: 0.29 sec
     [exec]     [junit] Running org.voltdb.sysprocs.saverestore.TestPartitionedTableSaveFileState
     [exec]     [junit] Tests run:   8, Failures:   0, Errors:   0, Time elapsed: 0.69 sec
     [exec]     [junit] Running org.voltdb.sysprocs.saverestore.TestReplicatedTableSaveFileState
     [exec]     [junit] Tests run:   4, Failures:   0, Errors:   0, Time elapsed: 0.47 sec
     [exec]     [junit] Running org.voltdb.sysprocs.saverestore.TestSavedTableConverter
     [exec]     [junit] Tests run:   5, Failures:   0, Errors:   0, Time elapsed: 0.57 sec
     [exec]     [junit] Running org.voltdb.sysprocs.saverestore.TestTableSaveFile
     [exec]     [junit] Tests run:   4, Failures:   0, Errors:   0, Time elapsed: 1.42 sec
     [exec]     [junit] Running org.voltdb.types.TestBlobType
     [exec]     [junit] Tests run:   3, Failures:   0, Errors:   0, Time elapsed: 6.23 sec
     [exec]     [junit] Running org.voltdb.types.TestExpressionType
     [exec]     [junit] Tests run:   2, Failures:   0, Errors:   0, Time elapsed: 0.16 sec
     [exec]     [junit] Running org.voltdb.types.TestVoltDecimalHelper
     [exec]     [junit] Tests run:   4, Failures:   0, Errors:   0, Time elapsed: 0.22 sec
     [exec]     [junit] Running org.voltdb.utils.TestCLibrary
     [exec]     [junit] Tests run:   1, Failures:   0, Errors:   0, Time elapsed: 0.26 sec
     [exec]     [junit] Running org.voltdb.utils.TestCatalogUtil
     [exec]     [junit] Tests run:   8, Failures:   0, Errors:   0, Time elapsed: 25.20 sec
     [exec]     [junit] Running org.voltdb.utils.TestCommandLine
     [exec]     [junit] Tests run:   5, Failures:   0, Errors:   0, Time elapsed: 0.24 sec
     [exec]     [junit] Running org.voltdb.utils.TestDBBPool
     [exec]     [junit] Tests run:   8, Failures:   0, Errors:   0, Time elapsed: 0.30 sec
     [exec]     [junit] Running org.voltdb.utils.TestEncoder
     [exec]     [junit] Tests run:   4, Failures:   0, Errors:   0, Time elapsed: 4.61 sec
     [exec]     [junit] Running org.voltdb.utils.TestInMemoryJarfile
     [exec]     [junit] Tests run:   3, Failures:   0, Errors:   0, Time elapsed: 12.91 sec
     [exec]     [junit] Running org.voltdb.utils.TestPersistentBinaryDeque
     [exec]     [junit] Tests run:  17, Failures:   0, Errors:   0, Time elapsed: 11.95 sec
     [exec]     [junit] Running org.voltdb.utils.TestVoltTypeUtil
     [exec]     [junit] Tests run:   4, Failures:   0, Errors:   0, Time elapsed: 0.16 sec
     [exec]     [junit] Running org.voltdb.zk.TestZK
     [exec]     [junit] Tests run:   7, Failures:   0, Errors:   0, Time elapsed: 2.20 sec
     [exec]     [mkdir] Created dir: /home/mike/voltdb/fork/voltdb/obj/debug/testoutput/report
     [exec] [junitreport] Processing /home/mike/voltdb/fork/voltdb/obj/debug/testoutput/TESTS-TestSuites.xml to /home/mike/voltdb/fork/voltdb/obj/debug/testoutput/report/junit-noframes.html
     [exec] [junitreport] Loading stylesheet jar:file:/usr/share/ant/lib/ant-junit.jar!/org/apache/tools/ant/taskdefs/optional/junit/xsl/junit-noframes.xsl
     [exec] [junitreport] Transform time: 1371ms
     [exec] [junitreport] Processing /home/mike/voltdb/fork/voltdb/obj/debug/testoutput/TESTS-TestSuites.xml to /home/mike/voltdb/fork/voltdb/obj/debug/testoutput/junit-noframes.html
     [exec] [junitreport] Loading stylesheet /home/mike/voltdb/fork/voltdb/tools/junit-noframes.xsl
     [exec] [junitreport] Transform time: 456ms
     [exec]      [exec] See obj/release/testoutput/report/junit-noframes.html for details.
     [exec]      [exec] Suite TestCoveringIndexPlans reports 1 failure(s).
     [exec]      [exec]   Testcase testSingleColumnLessThan junit.framework.AssertionFailedError
     //@PULLEXEC OK       Plan is now ProjectionPlanNode
                                             SeqScanPlanNode
                        Projectiuon used to be inlined
                        
     [exec]      [exec] Suite TestScanPlanNode reports 1 failure(s).
     [exec]      [exec]   Testcase testOutputSchemaSomeScanColumns junit.framework.AssertionFailedError
     [exec]      [exec] 
     [exec] 
     [exec] BUILD FAILED
     [exec] /home/mike/voltdb/fork/voltdb/build.xml:1241: JUnit had failures
     [exec] 
     [exec] Total time: 78 minutes 41 seconds

BUILD FAILED
/home/mike/voltdb/fork/voltdb/build.xml:143: exec returned: 1

Total time: 79 minutes 18 seconds
